{"/Users/wenhy/Desktop/my-project/src/web/components/ErrorBoundary.tsx": {"path":"/Users/wenhy/Desktop/my-project/src/web/components/ErrorBoundary.tsx","statementMap":{"0":{"start":{"line":1,"column":0},"end":{"line":1,"column":68}},"1":{"start":{"line":13,"column":0},"end":{"line":13,"column":51}},"2":{"start":{"line":13,"column":28},"end":{"line":13,"column":37}},"3":{"start":{"line":13,"column":0},"end":{"line":13,"column":28}},"4":{"start":{"line":14,"column":11},"end":{"line":16,"column":null}},"5":{"start":{"line":18,"column":18},"end":{"line":20,"column":null}},"6":{"start":{"line":19,"column":8},"end":{"line":19,"column":null}},"7":{"start":{"line":21,"column":11},"end":{"line":23,"column":null}},"8":{"start":{"line":22,"column":8},"end":{"line":22,"column":null}},"9":{"start":{"line":24,"column":11},"end":{"line":31,"column":null}},"10":{"start":{"line":25,"column":45},"end":{"line":25,"column":55}},"11":{"start":{"line":25,"column":24},"end":{"line":25,"column":26}},"12":{"start":{"line":25,"column":40},"end":{"line":25,"column":45}},"13":{"start":{"line":26,"column":29},"end":{"line":26,"column":40}},"14":{"start":{"line":27,"column":8},"end":{"line":29,"column":null}},"15":{"start":{"line":28,"column":12},"end":{"line":28,"column":null}},"16":{"start":{"line":30,"column":8},"end":{"line":30,"column":null}},"17":{"start":{"line":32,"column":0},"end":{"line":32,"column":null}},"18":{"start":{"line":34,"column":0},"end":{"line":34,"column":29}}},"fnMap":{"0":{"name":"(anonymous_0)","decl":{"start":{"line":13,"column":0},"end":{"line":13,"column":28}},"loc":{"start":{"line":13,"column":0},"end":{"line":32,"column":null}}},"1":{"name":"(anonymous_2)","decl":{"start":{"line":18,"column":4},"end":{"line":18,"column":18}},"loc":{"start":{"line":18,"column":51},"end":{"line":20,"column":5}}},"2":{"name":"(anonymous_3)","decl":{"start":{"line":21,"column":4},"end":{"line":21,"column":11}},"loc":{"start":{"line":21,"column":63},"end":{"line":23,"column":5}}},"3":{"name":"(anonymous_4)","decl":{"start":{"line":24,"column":4},"end":{"line":24,"column":11}},"loc":{"start":{"line":24,"column":4},"end":{"line":31,"column":5}}}},"branchMap":{"0":{"loc":{"start":{"line":13,"column":0},"end":{"line":13,"column":28}},"type":"binary-expr","locations":[{"start":{"line":13,"column":0},"end":{"line":13,"column":28}},{"start":{"line":13,"column":0},"end":{"line":13,"column":28}},{"start":{"line":13,"column":0},"end":{"line":13,"column":28}}]},"1":{"loc":{"start":{"line":27,"column":8},"end":{"line":29,"column":null}},"type":"if","locations":[{"start":{"line":27,"column":8},"end":{"line":29,"column":null}},{"start":{"line":27,"column":8},"end":{"line":29,"column":null}}]}},"s":{"0":1,"1":1,"2":1,"3":2,"4":1,"5":1,"6":1,"7":1,"8":1,"9":1,"10":2,"11":2,"12":2,"13":2,"14":2,"15":1,"16":1,"17":1,"18":1},"f":{"0":3,"1":1,"2":1,"3":2},"b":{"0":[2,2,1],"1":[1,1]}}
}
