{
  "numFailedTestSuites": 0,
  "numFailedTests": 0,
  "numPassedTestSuites": 2,
  "numPassedTests": 2,
  "numPendingTestSuites": 0,
  "numPendingTests": 0,
  "numRuntimeErrorTestSuites": 0,
  "numTodoTests": 0,
  "numTotalTestSuites": 2,
  "numTotalTests": 2,
  "openHandles": [],
  "snapshot": {
    "added": 0,
    "didUpdate": false,
    "failure": false,
    "filesAdded": 0,
    "filesRemoved": 0,
    "filesRemovedList": [],
    "filesUnmatched": 0,
    "filesUpdated": 0,
    "matched": 0,
    "total": 0,
    "unchecked": 0,
    "uncheckedKeysByFile": [],
    "unmatched": 0,
    "updated": 0
  },
  "startTime": 1614519813870,
  "success": false,
  "testResults": [
    {
      "leaks": false,
      "numFailingTests": 0,
      "numPassingTests": 1,
      "numPendingTests": 0,
      "numTodoTests": 0,
      "openHandles": [],
      "perfStats": {
        "end": 1614519820820,
        "runtime": 3751,
        "slow": false,
        "start": 1614519817069
      },
      "skipped": false,
      "snapshot": {
        "added": 0,
        "fileDeleted": false,
        "matched": 0,
        "unchecked": 0,
        "unmatched": 0,
        "updated": 0,
        "uncheckedKeys": []
      },
      "testFilePath": "/Users/wenhy/Desktop/my-project/tests/unit/Index.spec.tsx",
      "testResults": [
        {
          "ancestorTitles": [],
          "duration": 9,
          "failureDetails": [],
          "failureMessages": [],
          "fullName": "Index.spec",
          "location": null,
          "numPassingAsserts": 0,
          "status": "passed",
          "title": "Index.spec"
        }
      ],
      "failureMessage": null
    },
    {
      "leaks": false,
      "numFailingTests": 0,
      "numPassingTests": 1,
      "numPendingTests": 0,
      "numTodoTests": 0,
      "openHandles": [],
      "perfStats": {
        "end": 1614519821225,
        "runtime": 4174,
        "slow": false,
        "start": 1614519817051
      },
      "skipped": false,
      "snapshot": {
        "added": 0,
        "fileDeleted": false,
        "matched": 0,
        "unchecked": 0,
        "unmatched": 0,
        "updated": 0,
        "uncheckedKeys": []
      },
      "testFilePath": "/Users/wenhy/Desktop/my-project/tests/unit/ErrorBoundary.spec.tsx",
      "testResults": [
        {
          "ancestorTitles": [
            "全局公用库组件"
          ],
          "duration": 127,
          "failureDetails": [],
          "failureMessages": [],
          "fullName": "全局公用库组件 ErrorBoundary组件 子组件发生错误返回fallback",
          "location": null,
          "numPassingAsserts": 0,
          "status": "passed",
          "title": "ErrorBoundary组件 子组件发生错误返回fallback"
        }
      ],
      "failureMessage": null
    }
  ],
  "wasInterrupted": false,
  "coverageMap": {
    "/Users/wenhy/Desktop/my-project/src/web/components/ErrorBoundary.tsx": {
      "path": "/Users/wenhy/Desktop/my-project/src/web/components/ErrorBoundary.tsx",
      "statementMap": {
        "0": {
          "start": {
            "line": 1,
            "column": 0
          },
          "end": {
            "line": 1,
            "column": 68
          }
        },
        "1": {
          "start": {
            "line": 13,
            "column": 0
          },
          "end": {
            "line": 13,
            "column": 51
          }
        },
        "2": {
          "start": {
            "line": 13,
            "column": 28
          },
          "end": {
            "line": 13,
            "column": 37
          }
        },
        "3": {
          "start": {
            "line": 13,
            "column": 0
          },
          "end": {
            "line": 13,
            "column": 28
          }
        },
        "4": {
          "start": {
            "line": 14,
            "column": 11
          },
          "end": {
            "line": 16,
            "column": null
          }
        },
        "5": {
          "start": {
            "line": 18,
            "column": 18
          },
          "end": {
            "line": 20,
            "column": null
          }
        },
        "6": {
          "start": {
            "line": 19,
            "column": 8
          },
          "end": {
            "line": 19,
            "column": null
          }
        },
        "7": {
          "start": {
            "line": 21,
            "column": 11
          },
          "end": {
            "line": 23,
            "column": null
          }
        },
        "8": {
          "start": {
            "line": 22,
            "column": 8
          },
          "end": {
            "line": 22,
            "column": null
          }
        },
        "9": {
          "start": {
            "line": 24,
            "column": 11
          },
          "end": {
            "line": 31,
            "column": null
          }
        },
        "10": {
          "start": {
            "line": 25,
            "column": 45
          },
          "end": {
            "line": 25,
            "column": 55
          }
        },
        "11": {
          "start": {
            "line": 25,
            "column": 24
          },
          "end": {
            "line": 25,
            "column": 26
          }
        },
        "12": {
          "start": {
            "line": 25,
            "column": 40
          },
          "end": {
            "line": 25,
            "column": 45
          }
        },
        "13": {
          "start": {
            "line": 26,
            "column": 29
          },
          "end": {
            "line": 26,
            "column": 40
          }
        },
        "14": {
          "start": {
            "line": 27,
            "column": 8
          },
          "end": {
            "line": 29,
            "column": null
          }
        },
        "15": {
          "start": {
            "line": 28,
            "column": 12
          },
          "end": {
            "line": 28,
            "column": null
          }
        },
        "16": {
          "start": {
            "line": 30,
            "column": 8
          },
          "end": {
            "line": 30,
            "column": null
          }
        },
        "17": {
          "start": {
            "line": 32,
            "column": 0
          },
          "end": {
            "line": 32,
            "column": null
          }
        },
        "18": {
          "start": {
            "line": 34,
            "column": 0
          },
          "end": {
            "line": 34,
            "column": 29
          }
        }
      },
      "fnMap": {
        "0": {
          "name": "(anonymous_0)",
          "decl": {
            "start": {
              "line": 13,
              "column": 0
            },
            "end": {
              "line": 13,
              "column": 28
            }
          },
          "loc": {
            "start": {
              "line": 13,
              "column": 0
            },
            "end": {
              "line": 32,
              "column": null
            }
          }
        },
        "1": {
          "name": "(anonymous_2)",
          "decl": {
            "start": {
              "line": 18,
              "column": 4
            },
            "end": {
              "line": 18,
              "column": 18
            }
          },
          "loc": {
            "start": {
              "line": 18,
              "column": 51
            },
            "end": {
              "line": 20,
              "column": 5
            }
          }
        },
        "2": {
          "name": "(anonymous_3)",
          "decl": {
            "start": {
              "line": 21,
              "column": 4
            },
            "end": {
              "line": 21,
              "column": 11
            }
          },
          "loc": {
            "start": {
              "line": 21,
              "column": 63
            },
            "end": {
              "line": 23,
              "column": 5
            }
          }
        },
        "3": {
          "name": "(anonymous_4)",
          "decl": {
            "start": {
              "line": 24,
              "column": 4
            },
            "end": {
              "line": 24,
              "column": 11
            }
          },
          "loc": {
            "start": {
              "line": 24,
              "column": 4
            },
            "end": {
              "line": 31,
              "column": 5
            }
          }
        }
      },
      "branchMap": {
        "0": {
          "loc": {
            "start": {
              "line": 13,
              "column": 0
            },
            "end": {
              "line": 13,
              "column": 28
            }
          },
          "type": "binary-expr",
          "locations": [
            {
              "start": {
                "line": 13,
                "column": 0
              },
              "end": {
                "line": 13,
                "column": 28
              }
            },
            {
              "start": {
                "line": 13,
                "column": 0
              },
              "end": {
                "line": 13,
                "column": 28
              }
            },
            {
              "start": {
                "line": 13,
                "column": 0
              },
              "end": {
                "line": 13,
                "column": 28
              }
            }
          ]
        },
        "1": {
          "loc": {
            "start": {
              "line": 27,
              "column": 8
            },
            "end": {
              "line": 29,
              "column": null
            }
          },
          "type": "if",
          "locations": [
            {
              "start": {
                "line": 27,
                "column": 8
              },
              "end": {
                "line": 29,
                "column": null
              }
            },
            {
              "start": {
                "line": 27,
                "column": 8
              },
              "end": {
                "line": 29,
                "column": null
              }
            }
          ]
        }
      },
      "s": {
        "0": 1,
        "1": 1,
        "2": 1,
        "3": 2,
        "4": 1,
        "5": 1,
        "6": 1,
        "7": 1,
        "8": 1,
        "9": 1,
        "10": 2,
        "11": 2,
        "12": 2,
        "13": 2,
        "14": 2,
        "15": 1,
        "16": 1,
        "17": 1,
        "18": 1
      },
      "f": {
        "0": 3,
        "1": 1,
        "2": 1,
        "3": 2
      },
      "b": {
        "0": [
          2,
          2,
          1
        ],
        "1": [
          1,
          1
        ]
      }
    }
  }
}